<?xml version="1.0" encoding="UTF-8"?>
<testng-results ignored="0" total="1" passed="1" failed="0" skipped="0">
  <reporter-output>
  </reporter-output>
  <suite started-at="2024-10-22T14:12:17 IST" name="Default suite" finished-at="2024-10-22T14:12:30 IST" duration-ms="13018">
    <groups>
    </groups>
    <test started-at="2024-10-22T14:12:17 IST" name="Default test" finished-at="2024-10-22T14:12:30 IST" duration-ms="13018">
      <class name="Test.BlazedemoTest">
        <test-method is-config="true" signature="set()[pri:0, instance:Test.BlazedemoTest@7db12bb6]" started-at="2024-10-22T14:12:17 IST" name="set" finished-at="2024-10-22T14:12:24 IST" duration-ms="6943" status="PASS">
          <reporter-output>
          </reporter-output>
        </test-method> <!-- set -->
        <test-method is-config="true" signature="url()[pri:0, instance:Test.BlazedemoTest@7db12bb6]" started-at="2024-10-22T14:12:24 IST" name="url" finished-at="2024-10-22T14:12:28 IST" duration-ms="4126" status="PASS">
          <reporter-output>
          </reporter-output>
        </test-method> <!-- url -->
        <test-method signature="test1()[pri:0, instance:Test.BlazedemoTest@7db12bb6]" started-at="2024-10-22T14:12:28 IST" name="test1" finished-at="2024-10-22T14:12:30 IST" duration-ms="1922" status="PASS">
          <reporter-output>
          </reporter-output>
        </test-method> <!-- test1 -->
      </class> <!-- Test.BlazedemoTest -->
    </test> <!-- Default test -->
  </suite> <!-- Default suite -->
</testng-results>
